  0.4283844E+01  0.3684387E+01 -0.2860229E+02  0.6775879E+01 -0.2762962E+03  0.4259552E+01  0.3688568E+01
  0.4283844E+01  0.3684387E+01 -0.2860229E+02  0.6775879E+01 -0.2762962E+03  0.4259552E+01  0.3688568E+01
  0.4283844E+01  0.3684387E+01 -0.2860229E+02  0.6775879E+01 -0.2762962E+03  0.4259552E+01  0.3688568E+01
  0.4283844E+01  0.3684387E+01 -0.2860229E+02  0.6775879E+01 -0.2762962E+03  0.4259552E+01  0.3688568E+01
  0.4283844E+01  0.3684387E+01 -0.2860229E+02  0.6775879E+01 -0.2762962E+03  0.4259552E+01  0.3688568E+01
  0.4283844E+01  0.3684387E+01 -0.2860229E+02  0.6775879E+01 -0.2762962E+03  0.4259552E+01  0.3688568E+01
  0.4283844E+01  0.3684387E+01 -0.2860229E+02  0.6775879E+01 -0.2762962E+03  0.4259552E+01  0.3688568E+01
  0.4283844E+01  0.3684387E+01 -0.2860229E+02  0.6775879E+01 -0.2762962E+03  0.4259552E+01  0.3688568E+01
  0.4283844E+01  0.3684387E+01 -0.2860229E+02  0.6775879E+01 -0.2762962E+03  0.4259552E+01  0.3688568E+01
  0.4283844E+01  0.3684387E+01 -0.2860229E+02  0.6775879E+01 -0.2762962E+03  0.4259552E+01  0.3688568E+01
  0.4283844E+01  0.3684387E+01 -0.2860229E+02  0.6775879E+01 -0.2762962E+03  0.4259552E+01  0.3688568E+01
  0.4283844E+01  0.3684387E+01 -0.2860229E+02  0.6775879E+01 -0.2762962E+03  0.4259552E+01  0.3688568E+01
  0.4283844E+01  0.3684387E+01 -0.2860229E+02  0.6775879E+01 -0.2762962E+03  0.4259552E+01  0.3688568E+01
  0.4283844E+01  0.3684387E+01 -0.2860229E+02  0.6775879E+01 -0.2762962E+03  0.4259552E+01  0.3688568E+01
  0.4283844E+01  0.3684387E+01 -0.2860229E+02  0.6775879E+01 -0.2762962E+03  0.4259552E+01  0.3688568E+01
  0.1039075E+02  0.9288269E+01 -0.2944205E+02  0.1122296E+02 -0.2579590E+03  0.1037100E+02  0.9293945E+01
  0.1039075E+02  0.9288269E+01 -0.2944205E+02  0.1122296E+02 -0.2579590E+03  0.1037100E+02  0.9293945E+01
  0.1039075E+02  0.9288269E+01 -0.2944205E+02  0.1122296E+02 -0.2579590E+03  0.1037100E+02  0.9293945E+01
  0.1039075E+02  0.9288269E+01 -0.2944205E+02  0.1122296E+02 -0.2579590E+03  0.1037100E+02  0.9293945E+01
  0.1039075E+02  0.9288269E+01 -0.2944205E+02  0.1122296E+02 -0.2579590E+03  0.1037100E+02  0.9293945E+01
  0.1039075E+02  0.9288269E+01 -0.2944205E+02  0.1122296E+02 -0.2579590E+03  0.1037100E+02  0.9293945E+01
  0.1039075E+02  0.9288269E+01 -0.2944205E+02  0.1122296E+02 -0.2579590E+03  0.1037100E+02  0.9293945E+01
  0.1039075E+02  0.9288269E+01 -0.2944205E+02  0.1122296E+02 -0.2579590E+03  0.1037100E+02  0.9293945E+01
