1(C) COPYRIGHT 1982-1998 J.D.GASKI SINDA/G VERSION-1.80 NETWORK ANALYSIS ASSOCIATES, INC. - PAGE            1

     FWD LAP SKIRT(COLD STEADY STATE)                                                                                        

 *** NOTE *** SNDSNR REQUIRES      7482 DYNAMIC STORAGE LOCATIONS OUT OF     9758 AVAILABLE ***

 SNDSNR RUN, ARLXCA=0.10000    , BALENG= 1.0000    , NLOOP=******

 *****************
 TIME= 0.00000E+00, DTIMEU= 0.00000E+00, CSGMIN(      0)= 0.00000E+00, ATMPCC(      0)= 0.00000E+00, DTMPCC(      0)= 0.00000E+00
     LOOPCT=     0, SENGIN= 0.00000E+00, ENGBAL= 0.00000E+00         , ARLXCC(      0)= 0.00000E+00, DRLXCC(      0)= 0.00000E+00
 
 **** OUTPUT TEMPERATURES IN DEGREES   ****
 T      2 =   70.0000 T      4 =   70.0000 T      6 =   70.0000 T      8 =   70.0000 T     10 =   70.0000 T     12 =   70.0000
 T     14 =   70.0000 T     16 =   70.0000 T     18 =   70.0000 T   2000 =   70.0000 T     23 =   70.0000 T     25 =   70.0000
 T     27 =   70.0000 T   2002 =   70.0000 T     35 =   70.0000 T    100 =   70.0000 T    214 =   70.0000 T    223 =   70.0000
 T    229 =   70.0000 T    230 =   70.0000 T    231 =   70.0000 T    232 =   70.0000 T    233 =   70.0000 T    234 =   70.0000
 T    414 =   70.0000 T    423 =   70.0000 T    429 =   70.0000 T    430 =   70.0000 T    431 =   70.0000 T    432 =   70.0000
 T    433 =   70.0000 T    434 =   70.0000 T      3 =   70.0000 T      5 =   70.0000 T      7 =   70.0000 T      9 =   70.0000
 T     11 =   70.0000 T     13 =   70.0000 T     15 =   70.0000 T     17 =   70.0000 T     19 =   70.0000 T     20 =   70.0000
 T     21 =   70.0000 T     22 =   70.0000 T   2701 =   70.0000 T     24 =   70.0000 T     26 =   70.0000 T     28 =   70.0000
 T   2001 =   70.0000 T   2003 =   70.0000 T   2004 =   70.0000 T   2005 =   70.0000 T     29 =   70.0000 T     30 =   70.0000
 T     31 =   70.0000 T     32 =   70.0000 T     33 =   70.0000 T     34 =   70.0000 T    114 =   70.0000 T    123 =   70.0000
 T    129 =   70.0000 T    130 =   70.0000 T    131 =   70.0000 T    132 =   70.0000 T    133 =   70.0000 T    134 =   70.0000
 T    350 =   70.0000 T    351 =   70.0000 T    352 =   70.0000 T    101 =   70.0000 T    314 =   70.0000 T    323 =   70.0000
 T    329 =   70.0000 T    330 =   70.0000 T    331 =   70.0000 T    332 =   70.0000 T    333 =   70.0000 T    334 =   70.0000
 T    514 =   70.0000 T    523 =   70.0000 T    529 =   70.0000 T    530 =   70.0000 T    531 =   70.0000 T    532 =   70.0000
 T    533 =   70.0000 T    534 =   70.0000 T      1 = -310.0000 T     36 =   60.0000 T     37 =   -9.0000 T    370 =  -29.7000
 T   3701 =  -30.0000

 *** NOTE *** RELAXATION CRITERIA HAS BEEN MET WITH LOOPCT =    15

     ENGBAL = -82.4400     AT LOOPCT =    15

 *****************
 TIME= 0.00000E+00, DTIMEU= 0.00000E+00, CSGMIN(      0)= 0.00000E+00, ATMPCC(      0)= 0.00000E+00, DTMPCC(      0)= 0.00000E+00
     LOOPCT=    15, SENGIN= 7.42852E+03, ENGBAL=-8.24400E+01         , ARLXCC(    101)=-8.75168E-02, DRLXCC(      0)= 0.00000E+00
 
 **** OUTPUT TEMPERATURES IN DEGREES   ****
 T      2 = -262.5448 T      4 = -217.5656 T      6 = -199.2776 T      8 = -189.0354 T     10 =  -51.3831 T     12 =  -19.5006
 T     14 =  -17.3029 T     16 =  -17.3050 T     18 =  -17.2896 T   2000 =  -16.6029 T     23 =  -16.9675 T     25 =  -16.9662
 T     27 =  -16.9648 T   2002 =  -14.4885 T     35 =  -34.8008 T    100 = -162.3309 T    214 =  -14.4339 T    223 =  -14.2144
 T    229 = -176.0041 T    230 = -146.2197 T    231 = -134.1086 T    232 = -127.3828 T    233 =  -36.7664 T    234 =  -15.8738
 T    414 =  -11.0762 T    423 =  -10.9922 T    429 =  -74.7240 T    430 =  -62.7297 T    431 =  -57.8198 T    432 =  -55.2177
 T    433 =  -19.6523 T    434 =  -11.6279 T      3 = -233.0302 T      5 = -205.4875 T      7 = -194.3433 T      9 = -184.5654
 T     11 =  -21.3828 T     13 =  -18.3052 T     15 =  -17.3035 T     17 =  -17.2948 T     19 =  -17.2867 T     20 =  -17.1352
 T     21 =  -17.3036 T     22 =  -16.6414 T   2701 =  -16.6232 T     24 =  -16.9671 T     26 =  -16.9653 T     28 =  -16.9656
 T   2001 =  -16.5168 T   2003 =  -14.4893 T   2004 =  -14.4859 T   2005 =  -14.5155 T     29 = -262.5130 T     30 = -217.5405
 T     31 = -199.2395 T     32 = -189.0146 T     33 =  -51.3805 T     34 =  -19.4952 T    114 =  -17.3027 T    123 =  -16.9673
 T    129 = -262.5271 T    130 = -217.5561 T    131 = -199.2635 T    132 = -189.0277 T    133 =  -51.3825 T    134 =  -19.5002
 T    350 =   56.1080 T    351 =   40.5753 T    352 =   10.4103 T    101 =  -55.3605 T    314 =  -11.5651 T    323 =  -11.4614
 T    329 =  -89.4812 T    330 =  -74.8833 T    331 =  -68.9538 T    332 =  -65.7378 T    333 =  -22.1503 T    334 =  -12.2474
 T    514 =  -10.5873 T    523 =  -10.5231 T    529 =  -59.9667 T    530 =  -50.5760 T    531 =  -46.6859 T    532 =  -44.6977
 T    533 =  -17.1543 T    534 =  -11.0084 T      1 = -310.0000 T     36 =   60.0000 T     37 =   -9.0000 T    370 =  -29.7000
 T   3701 =  -30.0000

 *** NOTE *** SYSTEM ENERGY BALANCE CRITERIA HAS BEEN MET, ENGBAL =-0.813161    , LOOPCT =    25
1(C) COPYRIGHT 1982-1998 J.D.GASKI SINDA/G VERSION-1.80 NETWORK ANALYSIS ASSOCIATES, INC. - PAGE            2

     FWD LAP SKIRT(COLD STEADY STATE)                                                                                        

 *****************
 TIME= 0.00000E+00, DTIMEU= 0.00000E+00, CSGMIN(      0)= 0.00000E+00, ATMPCC(      0)= 0.00000E+00, DTMPCC(      0)= 0.00000E+00
     LOOPCT=    25, SENGIN= 7.45702E+03, ENGBAL=-8.13161E-01         , ARLXCC(    101)=-8.73566E-04, DRLXCC(      0)= 0.00000E+00
 
 **** OUTPUT TEMPERATURES IN DEGREES   ****
 T      2 = -262.5462 T      4 = -217.5684 T      6 = -199.2810 T      8 = -189.0393 T     10 =  -51.3936 T     12 =  -19.5274
 T     14 =  -17.3321 T     16 =  -17.3342 T     18 =  -17.3189 T   2000 =  -16.6338 T     23 =  -16.9984 T     25 =  -16.9972
 T     27 =  -16.9958 T   2002 =  -14.5224 T     35 =  -34.9214 T    100 = -162.4282 T    214 =  -14.4531 T    223 =  -14.2346
 T    229 = -176.0050 T    230 = -146.2216 T    231 = -134.1109 T    232 = -127.3853 T    233 =  -36.7734 T    234 =  -15.8914
 T    414 =  -11.0835 T    423 =  -11.0000 T    429 =  -74.7243 T    430 =  -62.7304 T    431 =  -57.8207 T    432 =  -55.2188
 T    433 =  -19.6550 T    434 =  -11.6346 T      3 = -233.0325 T      5 = -205.4907 T      7 = -194.3469 T      9 = -184.5695
 T     11 =  -21.4087 T     13 =  -18.3334 T     15 =  -17.3328 T     17 =  -17.3240 T     19 =  -17.3159 T     20 =  -17.1653
 T     21 =  -17.3329 T     22 =  -16.6722 T   2701 =  -16.6541 T     24 =  -16.9980 T     26 =  -16.9963 T     28 =  -16.9966
 T   2001 =  -16.5478 T   2003 =  -14.5233 T   2004 =  -14.5199 T   2005 =  -14.5496 T     29 = -262.5144 T     30 = -217.5432
 T     31 = -199.2429 T     32 = -189.0186 T     33 =  -51.3911 T     34 =  -19.5221 T    114 =  -17.3320 T    123 =  -16.9983
 T    129 = -262.5284 T    130 = -217.5589 T    131 = -199.2668 T    132 = -189.0316 T    133 =  -51.3931 T    134 =  -19.5271
 T    350 =   56.1064 T    351 =   40.5704 T    352 =   10.4030 T    101 =  -55.5079 T    314 =  -11.5742 T    323 =  -11.4710
 T    329 =  -89.4816 T    330 =  -74.8842 T    331 =  -68.9549 T    332 =  -65.7390 T    333 =  -22.1536 T    334 =  -12.2557
 T    514 =  -10.5929 T    523 =  -10.5290 T    529 =  -59.9670 T    530 =  -50.5766 T    531 =  -46.6866 T    532 =  -44.6985
 T    533 =  -17.1563 T    534 =  -11.0135 T      1 = -310.0000 T     36 =   60.0000 T     37 =   -9.0000 T    370 =  -29.7000
 T   3701 =  -30.0000

 *****************
 TIME= 0.00000E+00, DTIMEU= 0.00000E+00, CSGMIN(      0)= 0.00000E+00, ATMPCC(      0)= 0.00000E+00, DTMPCC(      0)= 0.00000E+00
     LOOPCT=    25, SENGIN= 7.45702E+03, ENGBAL=-8.13161E-01         , ARLXCC(    101)=-8.73566E-04, DRLXCC(      0)= 0.00000E+00
 
 **** OUTPUT TEMPERATURES IN DEGREES   ****
 T      2 = -262.5462 T      4 = -217.5684 T      6 = -199.2810 T      8 = -189.0393 T     10 =  -51.3936 T     12 =  -19.5274
 T     14 =  -17.3321 T     16 =  -17.3342 T     18 =  -17.3189 T   2000 =  -16.6338 T     23 =  -16.9984 T     25 =  -16.9972
 T     27 =  -16.9958 T   2002 =  -14.5224 T     35 =  -34.9214 T    100 = -162.4282 T    214 =  -14.4531 T    223 =  -14.2346
 T    229 = -176.0050 T    230 = -146.2216 T    231 = -134.1109 T    232 = -127.3853 T    233 =  -36.7734 T    234 =  -15.8914
 T    414 =  -11.0835 T    423 =  -11.0000 T    429 =  -74.7243 T    430 =  -62.7304 T    431 =  -57.8207 T    432 =  -55.2188
 T    433 =  -19.6550 T    434 =  -11.6346 T      3 = -233.0325 T      5 = -205.4907 T      7 = -194.3469 T      9 = -184.5695
 T     11 =  -21.4087 T     13 =  -18.3334 T     15 =  -17.3328 T     17 =  -17.3240 T     19 =  -17.3159 T     20 =  -17.1653
 T     21 =  -17.3329 T     22 =  -16.6722 T   2701 =  -16.6541 T     24 =  -16.9980 T     26 =  -16.9963 T     28 =  -16.9966
 T   2001 =  -16.5478 T   2003 =  -14.5233 T   2004 =  -14.5199 T   2005 =  -14.5496 T     29 = -262.5144 T     30 = -217.5432
 T     31 = -199.2429 T     32 = -189.0186 T     33 =  -51.3911 T     34 =  -19.5221 T    114 =  -17.3320 T    123 =  -16.9983
 T    129 = -262.5284 T    130 = -217.5589 T    131 = -199.2668 T    132 = -189.0316 T    133 =  -51.3931 T    134 =  -19.5271
 T    350 =   56.1064 T    351 =   40.5704 T    352 =   10.4030 T    101 =  -55.5079 T    314 =  -11.5742 T    323 =  -11.4710
 T    329 =  -89.4816 T    330 =  -74.8842 T    331 =  -68.9549 T    332 =  -65.7390 T    333 =  -22.1536 T    334 =  -12.2557
 T    514 =  -10.5929 T    523 =  -10.5290 T    529 =  -59.9670 T    530 =  -50.5766 T    531 =  -46.6866 T    532 =  -44.6985
 T    533 =  -17.1563 T    534 =  -11.0135 T      1 = -310.0000 T     36 =   60.0000 T     37 =   -9.0000 T    370 =  -29.7000
 T   3701 =  -30.0000
