1(C) COPYRIGHT 1982-1998 J.D.GASKI SINDA/G VERSION-1.80 NETWORK ANALYSIS ASSOCIATES, INC. - PAGE            1

     FWD LAP SKIRT(COLD STEADY STATE)                                                                                        

 *** NOTE *** SNDSNR REQUIRES      7482 DYNAMIC STORAGE LOCATIONS OUT OF     9758 AVAILABLE ***

 SNDSNR RUN, ARLXCA=0.10000    , BALENG= 1.0000    , NLOOP=******

 *****************
 TIME= 0.00000E+00, DTIMEU= 0.00000E+00, CSGMIN(      0)= 0.00000E+00, ATMPCC(      0)= 0.00000E+00, DTMPCC(      0)= 0.00000E+00
     LOOPCT=     0, SENGIN= 0.00000E+00, ENGBAL= 0.00000E+00         , ARLXCC(      0)= 0.00000E+00, DRLXCC(      0)= 0.00000E+00
 
 **** OUTPUT TEMPERATURES IN DEGREES   ****
 T      2 =   70.0000 T      4 =   70.0000 T      6 =   70.0000 T      8 =   70.0000 T     10 =   70.0000 T     12 =   70.0000
 T     14 =   70.0000 T     16 =   70.0000 T     18 =   70.0000 T   2000 =   70.0000 T     23 =   70.0000 T     25 =   70.0000
 T     27 =   70.0000 T   2002 =   70.0000 T     35 =   70.0000 T    100 =   70.0000 T    214 =   70.0000 T    223 =   70.0000
 T    229 =   70.0000 T    230 =   70.0000 T    231 =   70.0000 T    232 =   70.0000 T    233 =   70.0000 T    234 =   70.0000
 T    414 =   70.0000 T    423 =   70.0000 T    429 =   70.0000 T    430 =   70.0000 T    431 =   70.0000 T    432 =   70.0000
 T    433 =   70.0000 T    434 =   70.0000 T      3 =   70.0000 T      5 =   70.0000 T      7 =   70.0000 T      9 =   70.0000
 T     11 =   70.0000 T     13 =   70.0000 T     15 =   70.0000 T     17 =   70.0000 T     19 =   70.0000 T     20 =   70.0000
 T     21 =   70.0000 T     22 =   70.0000 T   2701 =   70.0000 T     24 =   70.0000 T     26 =   70.0000 T     28 =   70.0000
 T   2001 =   70.0000 T   2003 =   70.0000 T   2004 =   70.0000 T   2005 =   70.0000 T     29 =   70.0000 T     30 =   70.0000
 T     31 =   70.0000 T     32 =   70.0000 T     33 =   70.0000 T     34 =   70.0000 T    114 =   70.0000 T    123 =   70.0000
 T    129 =   70.0000 T    130 =   70.0000 T    131 =   70.0000 T    132 =   70.0000 T    133 =   70.0000 T    134 =   70.0000
 T    350 =   70.0000 T    351 =   70.0000 T    352 =   70.0000 T    101 =   70.0000 T    314 =   70.0000 T    323 =   70.0000
 T    329 =   70.0000 T    330 =   70.0000 T    331 =   70.0000 T    332 =   70.0000 T    333 =   70.0000 T    334 =   70.0000
 T    514 =   70.0000 T    523 =   70.0000 T    529 =   70.0000 T    530 =   70.0000 T    531 =   70.0000 T    532 =   70.0000
 T    533 =   70.0000 T    534 =   70.0000 T      1 = -310.0000 T     36 =   55.0000 T     37 =  -14.0000 T    370 =  -25.0000
 T   3701 =  -30.0000

 *** NOTE *** RELAXATION CRITERIA HAS BEEN MET WITH LOOPCT =    13

     ENGBAL = -59.0719     AT LOOPCT =    13

 *****************
 TIME= 0.00000E+00, DTIMEU= 0.00000E+00, CSGMIN(      0)= 0.00000E+00, ATMPCC(      0)= 0.00000E+00, DTMPCC(      0)= 0.00000E+00
     LOOPCT=    13, SENGIN= 6.54690E+03, ENGBAL=-5.90719E+01         , ARLXCC(    101)=-6.03371E-02, DRLXCC(      0)= 0.00000E+00
 
 **** OUTPUT TEMPERATURES IN DEGREES   ****
 T      2 = -258.5105 T      4 = -197.1929 T      6 = -174.1830 T      8 = -162.2823 T     10 =  -14.1796 T     12 =    5.6491
 T     14 =    6.1545 T     16 =    6.1604 T     18 =    6.1707 T   2000 =    5.7819 T     23 =    5.1497 T     25 =    5.1457
 T     27 =    5.1415 T   2002 =    6.2891 T     35 =  -27.6602 T    100 = -158.2708 T    214 =   -0.8019 T    223 =   -1.4595
 T    229 = -175.2303 T    230 = -134.6081 T    231 = -119.3799 T    232 = -111.5531 T    233 =  -14.1177 T    234 =   -1.1304
 T    414 =   -8.9435 T    423 =   -9.1948 T    429 =  -77.7659 T    430 =  -61.3698 T    431 =  -55.2251 T    432 =  -52.1736
 T    433 =  -14.0452 T    434 =   -9.0673 T      3 = -217.9995 T      5 = -182.0209 T      7 = -168.4468 T      9 = -157.4746
 T     11 =    4.4687 T     13 =    5.9273 T     15 =    6.1564 T     17 =    6.1672 T     19 =    6.1755 T     20 =    5.6521
 T     21 =    6.1564 T     22 =    5.8037 T   2701 =    5.7460 T     24 =    5.1484 T     26 =    5.1429 T     28 =    5.1380
 T   2001 =    5.8025 T   2003 =    6.2854 T   2004 =    6.2932 T   2005 =    6.1723 T     29 = -258.5105 T     30 = -197.1414
 T     31 = -174.1069 T     32 = -162.2418 T     33 =  -14.1758 T     34 =    5.6573 T    114 =    6.1541 T    123 =    5.1494
 T    129 = -258.4936 T    130 = -197.1851 T    131 = -174.1716 T    132 = -162.2763 T    133 =  -14.1796 T    134 =    5.6485
 T    350 =   49.9977 T    351 =   29.7838 T    352 =    4.8298 T    101 =  -48.9311 T    314 =   -7.7580 T    323 =   -8.0685
 T    329 =  -91.9671 T    330 =  -72.0311 T    331 =  -64.5881 T    332 =  -60.8299 T    333 =  -14.0558 T    334 =   -7.9092
 T    514 =  -10.1289 T    523 =  -10.3212 T    529 =  -63.5646 T    530 =  -50.7086 T    531 =  -45.8620 T    532 =  -43.5174
 T    533 =  -14.0346 T    534 =  -10.2253 T      1 = -310.0000 T     36 =   55.0000 T     37 =  -14.0000 T    370 =  -25.0000
 T   3701 =  -30.0000

 *** NOTE *** SYSTEM ENERGY BALANCE CRITERIA HAS BEEN MET, ENGBAL =-0.917582    , LOOPCT =    20
1(C) COPYRIGHT 1982-1998 J.D.GASKI SINDA/G VERSION-1.80 NETWORK ANALYSIS ASSOCIATES, INC. - PAGE            2

     FWD LAP SKIRT(COLD STEADY STATE)                                                                                        

 *****************
 TIME= 0.00000E+00, DTIMEU= 0.00000E+00, CSGMIN(      0)= 0.00000E+00, ATMPCC(      0)= 0.00000E+00, DTMPCC(      0)= 0.00000E+00
     LOOPCT=    20, SENGIN= 6.56521E+03, ENGBAL=-9.17582E-01         , ARLXCC(    101)=-9.49860E-04, DRLXCC(      0)= 0.00000E+00
 
 **** OUTPUT TEMPERATURES IN DEGREES   ****
 T      2 = -258.5117 T      4 = -197.1956 T      6 = -174.1862 T      8 = -162.2859 T     10 =  -14.1869 T     12 =    5.6335
 T     14 =    6.1371 T     16 =    6.1431 T     18 =    6.1534 T   2000 =    5.7633 T     23 =    5.1309 T     25 =    5.1268
 T     27 =    5.1226 T   2002 =    6.2685 T     35 =  -27.7148 T    100 = -158.3199 T    214 =   -0.8133 T    223 =   -1.4719
 T    229 = -175.2312 T    230 = -134.6099 T    231 = -119.3820 T    232 = -111.5554 T    233 =  -14.1224 T    234 =   -1.1406
 T    414 =   -8.9478 T    423 =   -9.1996 T    429 =  -77.7662 T    430 =  -61.3705 T    431 =  -55.2259 T    432 =  -52.1746
 T    433 =  -14.0470 T    434 =   -9.0712 T      3 = -218.0017 T      5 = -182.0239 T      7 = -168.4502 T      9 = -157.4783
 T     11 =    4.4535 T     13 =    5.9108 T     15 =    6.1391 T     17 =    6.1499 T     19 =    6.1582 T     20 =    5.6341
 T     21 =    6.1390 T     22 =    5.7852 T   2701 =    5.7274 T     24 =    5.1296 T     26 =    5.1241 T     28 =    5.1191
 T   2001 =    5.7838 T   2003 =    6.2648 T   2004 =    6.2726 T   2005 =    6.1517 T     29 = -258.5117 T     30 = -197.1440
 T     31 = -174.1101 T     32 = -162.2454 T     33 =  -14.1830 T     34 =    5.6417 T    114 =    6.1368 T    123 =    5.1306
 T    129 = -258.4949 T    130 = -197.1877 T    131 = -174.1748 T    132 = -162.2798 T    133 =  -14.1869 T    134 =    5.6328
 T    350 =   49.9958 T    351 =   29.7778 T    352 =    4.8199 T    101 =  -49.0043 T    314 =   -7.7633 T    323 =   -8.0743
 T    329 =  -91.9676 T    330 =  -72.0320 T    331 =  -64.5892 T    332 =  -60.8310 T    333 =  -14.0580 T    334 =   -7.9141
 T    514 =  -10.1322 T    523 =  -10.3248 T    529 =  -63.5649 T    530 =  -50.7091 T    531 =  -45.8627 T    532 =  -43.5182
 T    533 =  -14.0360 T    534 =  -10.2283 T      1 = -310.0000 T     36 =   55.0000 T     37 =  -14.0000 T    370 =  -25.0000
 T   3701 =  -30.0000

 *****************
 TIME= 0.00000E+00, DTIMEU= 0.00000E+00, CSGMIN(      0)= 0.00000E+00, ATMPCC(      0)= 0.00000E+00, DTMPCC(      0)= 0.00000E+00
     LOOPCT=    20, SENGIN= 6.56521E+03, ENGBAL=-9.17582E-01         , ARLXCC(    101)=-9.49860E-04, DRLXCC(      0)= 0.00000E+00
 
 **** OUTPUT TEMPERATURES IN DEGREES   ****
 T      2 = -258.5117 T      4 = -197.1956 T      6 = -174.1862 T      8 = -162.2859 T     10 =  -14.1869 T     12 =    5.6335
 T     14 =    6.1371 T     16 =    6.1431 T     18 =    6.1534 T   2000 =    5.7633 T     23 =    5.1309 T     25 =    5.1268
 T     27 =    5.1226 T   2002 =    6.2685 T     35 =  -27.7148 T    100 = -158.3199 T    214 =   -0.8133 T    223 =   -1.4719
 T    229 = -175.2312 T    230 = -134.6099 T    231 = -119.3820 T    232 = -111.5554 T    233 =  -14.1224 T    234 =   -1.1406
 T    414 =   -8.9478 T    423 =   -9.1996 T    429 =  -77.7662 T    430 =  -61.3705 T    431 =  -55.2259 T    432 =  -52.1746
 T    433 =  -14.0470 T    434 =   -9.0712 T      3 = -218.0017 T      5 = -182.0239 T      7 = -168.4502 T      9 = -157.4783
 T     11 =    4.4535 T     13 =    5.9108 T     15 =    6.1391 T     17 =    6.1499 T     19 =    6.1582 T     20 =    5.6341
 T     21 =    6.1390 T     22 =    5.7852 T   2701 =    5.7274 T     24 =    5.1296 T     26 =    5.1241 T     28 =    5.1191
 T   2001 =    5.7838 T   2003 =    6.2648 T   2004 =    6.2726 T   2005 =    6.1517 T     29 = -258.5117 T     30 = -197.1440
 T     31 = -174.1101 T     32 = -162.2454 T     33 =  -14.1830 T     34 =    5.6417 T    114 =    6.1368 T    123 =    5.1306
 T    129 = -258.4949 T    130 = -197.1877 T    131 = -174.1748 T    132 = -162.2798 T    133 =  -14.1869 T    134 =    5.6328
 T    350 =   49.9958 T    351 =   29.7778 T    352 =    4.8199 T    101 =  -49.0043 T    314 =   -7.7633 T    323 =   -8.0743
 T    329 =  -91.9676 T    330 =  -72.0320 T    331 =  -64.5892 T    332 =  -60.8310 T    333 =  -14.0580 T    334 =   -7.9141
 T    514 =  -10.1322 T    523 =  -10.3248 T    529 =  -63.5649 T    530 =  -50.7091 T    531 =  -45.8627 T    532 =  -43.5182
 T    533 =  -14.0360 T    534 =  -10.2283 T      1 = -310.0000 T     36 =   55.0000 T     37 =  -14.0000 T    370 =  -25.0000
 T   3701 =  -30.0000
